gradle-build/AliyunEditor/editor_demo/outputs/logs/manifest-merger-debug-report.txt
-- Merging decision tree log ---
manifest
ADDED from src/main/AndroidManifest.xml:2:1-98:12
INJECTED from src/main/AndroidManifest.xml:2:1-98:12
INJECTED from src/main/AndroidManifest.xml:2:1-98:12
INJECTED from src/main/AndroidManifest.xml:2:1-98:12
INJECTED from src/main/AndroidManifest.xml:2:1-98:12
INJECTED from src/main/AndroidManifest.xml:2:1-98:12
INJECTED from src/main/AndroidManifest.xml:2:1-98:12
	package
		ADDED from src/main/AndroidManifest.xml:3:11-43
		INJECTED from src/main/AndroidManifest.xml
		INJECTED from src/main/AndroidManifest.xml
	android:versionName
		INJECTED from src/main/AndroidManifest.xml
		ADDED from src/main/AndroidManifest.xml:2:1-98:12
		INJECTED from src/main/AndroidManifest.xml
	android:versionCode
		INJECTED from src/main/AndroidManifest.xml
		ADDED from src/main/AndroidManifest.xml:2:1-98:12
		INJECTED from src/main/AndroidManifest.xml
	xmlns:android
		ADDED from src/main/AndroidManifest.xml:2:11-69
uses-permission#android.permission.INTERNET
ADDED from src/main/AndroidManifest.xml:5:5-66
	android:name
		ADDED from src/main/AndroidManifest.xml:5:22-64
uses-permission#android.permission.WRITE_EXTERNAL_STORAGE
ADDED from src/main/AndroidManifest.xml:6:5-80
	android:name
		ADDED from src/main/AndroidManifest.xml:6:22-78
uses-permission#android.permission.READ_EXTERNAL_STORAGE
ADDED from src/main/AndroidManifest.xml:7:5-80
	android:name
		ADDED from src/main/AndroidManifest.xml:7:22-77
application
ADDED from src/main/AndroidManifest.xml:9:5-96:19
activity#com.aliyun.demo.editor.EditorActivity
ADDED from src/main/AndroidManifest.xml:10:9-27:20
	android:screenOrientation
		ADDED from src/main/AndroidManifest.xml:13:13-49
	android:label
		ADDED from src/main/AndroidManifest.xml:12:13-45
	android:exported
		ADDED from src/main/AndroidManifest.xml:14:13-36
	android:theme
		ADDED from src/main/AndroidManifest.xml:15:13-69
	android:name
		ADDED from src/main/AndroidManifest.xml:11:13-65
intent-filter#android.intent.category.DEFAULT+com.duanqu.qupai.action.editor
ADDED from src/main/AndroidManifest.xml:21:13-26:29
action#com.duanqu.qupai.action.editor
ADDED from src/main/AndroidManifest.xml:22:17-72
	android:name
		ADDED from src/main/AndroidManifest.xml:22:25-70
category#android.intent.category.DEFAULT
ADDED from src/main/AndroidManifest.xml:25:17-75
	android:name
		ADDED from src/main/AndroidManifest.xml:25:27-73
activity#com.aliyun.demo.effectmanager.EffectManagerActivity
ADDED from src/main/AndroidManifest.xml:28:9-38:20
	android:screenOrientation
		ADDED from src/main/AndroidManifest.xml:31:13-49
	android:label
		ADDED from src/main/AndroidManifest.xml:30:13-45
	android:theme
		ADDED from src/main/AndroidManifest.xml:32:13-69
	android:name
		ADDED from src/main/AndroidManifest.xml:29:13-79
intent-filter#android.intent.category.DEFAULT+com.duanqu.qupai.action.effectmanager
ADDED from src/main/AndroidManifest.xml:33:13-37:29
action#com.duanqu.qupai.action.effectmanager
ADDED from src/main/AndroidManifest.xml:34:17-79
	android:name
		ADDED from src/main/AndroidManifest.xml:34:25-77
activity#com.aliyun.demo.effectmanager.MorePasterActivity
ADDED from src/main/AndroidManifest.xml:39:9-49:20
	android:screenOrientation
		ADDED from src/main/AndroidManifest.xml:42:13-49
	android:label
		ADDED from src/main/AndroidManifest.xml:41:13-45
	android:theme
		ADDED from src/main/AndroidManifest.xml:43:13-69
	android:name
		ADDED from src/main/AndroidManifest.xml:40:13-76
intent-filter#android.intent.category.DEFAULT+com.duanqu.qupai.action.morepaster
ADDED from src/main/AndroidManifest.xml:44:13-48:29
action#com.duanqu.qupai.action.morepaster
ADDED from src/main/AndroidManifest.xml:45:17-76
	android:name
		ADDED from src/main/AndroidManifest.xml:45:25-74
activity#com.aliyun.demo.effectmanager.MoreCaptionActivity
ADDED from src/main/AndroidManifest.xml:50:9-60:20
	android:screenOrientation
		ADDED from src/main/AndroidManifest.xml:53:13-49
	android:label
		ADDED from src/main/AndroidManifest.xml:52:13-45
	android:theme
		ADDED from src/main/AndroidManifest.xml:54:13-69
	android:name
		ADDED from src/main/AndroidManifest.xml:51:13-77
intent-filter#android.intent.category.DEFAULT+com.duanqu.qupai.action.morecaption
ADDED from src/main/AndroidManifest.xml:55:13-59:29
action#com.duanqu.qupai.action.morecaption
ADDED from src/main/AndroidManifest.xml:56:17-77
	android:name
		ADDED from src/main/AndroidManifest.xml:56:25-75
activity#com.aliyun.demo.effectmanager.MoreMVActivity
ADDED from src/main/AndroidManifest.xml:61:9-71:20
	android:screenOrientation
		ADDED from src/main/AndroidManifest.xml:64:13-49
	android:label
		ADDED from src/main/AndroidManifest.xml:63:13-45
	android:theme
		ADDED from src/main/AndroidManifest.xml:65:13-69
	android:name
		ADDED from src/main/AndroidManifest.xml:62:13-72
intent-filter#android.intent.category.DEFAULT+com.duanqu.qupai.action.moremv
ADDED from src/main/AndroidManifest.xml:66:13-70:29
action#com.duanqu.qupai.action.moremv
ADDED from src/main/AndroidManifest.xml:67:17-72
	android:name
		ADDED from src/main/AndroidManifest.xml:67:25-70
activity#com.aliyun.demo.publish.PublishActivity
ADDED from src/main/AndroidManifest.xml:72:9-80:20
	android:screenOrientation
		ADDED from src/main/AndroidManifest.xml:75:13-49
	android:label
		ADDED from src/main/AndroidManifest.xml:74:13-45
	android:theme
		ADDED from src/main/AndroidManifest.xml:76:13-69
	android:name
		ADDED from src/main/AndroidManifest.xml:73:13-67
intent-filter#android.intent.category.DEFAULT
ADDED from src/main/AndroidManifest.xml:77:13-79:29
activity#com.aliyun.demo.publish.CoverEditActivity
ADDED from src/main/AndroidManifest.xml:81:9-89:20
	android:screenOrientation
		ADDED from src/main/AndroidManifest.xml:84:13-49
	android:label
		ADDED from src/main/AndroidManifest.xml:83:13-45
	android:theme
		ADDED from src/main/AndroidManifest.xml:85:13-69
	android:name
		ADDED from src/main/AndroidManifest.xml:82:13-69
activity#com.aliyun.demo.publish.UploadActivity
ADDED from src/main/AndroidManifest.xml:90:9-95:49
	android:screenOrientation
		ADDED from src/main/AndroidManifest.xml:93:13-49
	android:label
		ADDED from src/main/AndroidManifest.xml:92:13-45
	android:hardwareAccelerated
		ADDED from src/main/AndroidManifest.xml:95:13-47
	android:theme
		ADDED from src/main/AndroidManifest.xml:94:13-69
	android:name
		ADDED from src/main/AndroidManifest.xml:91:13-66
uses-sdk
INJECTED from src/main/AndroidManifest.xml reason: use-sdk injection requested
INJECTED from src/main/AndroidManifest.xml
INJECTED from src/main/AndroidManifest.xml
INJECTED from src/main/AndroidManifest.xml
INJECTED from src/main/AndroidManifest.xml
	android:targetSdkVersion
		INJECTED from src/main/AndroidManifest.xml
		ADDED from src/main/AndroidManifest.xml
		INJECTED from src/main/AndroidManifest.xml
	android:minSdkVersion
		INJECTED from src/main/AndroidManifest.xml
		ADDED from src/main/AndroidManifest.xml
		INJECTED from src/main/AndroidManifest.xml